0 info it worked if it ends with ok
1 verbose cli [ 'node', '/usr/local/bin/npm', 'publish' ]
2 info using npm@1.4.28
3 info using node@v0.10.32
4 verbose publish [ '.' ]
5 verbose cache add [ '.', null ]
6 verbose cache add name=undefined spec="." args=[".",null]
7 verbose parsed url { protocol: null,
7 verbose parsed url   slashes: null,
7 verbose parsed url   auth: null,
7 verbose parsed url   host: null,
7 verbose parsed url   port: null,
7 verbose parsed url   hostname: null,
7 verbose parsed url   hash: null,
7 verbose parsed url   search: null,
7 verbose parsed url   query: null,
7 verbose parsed url   pathname: '.',
7 verbose parsed url   path: '.',
7 verbose parsed url   href: '.' }
8 silly lockFile 3a52ce78- .
9 verbose lock . /Users/george/.npm/3a52ce78-.lock
10 verbose tar pack [ '/Users/george/.npm/gee-build/0.0.9/package.tgz', '.' ]
11 verbose tarball /Users/george/.npm/gee-build/0.0.9/package.tgz
12 verbose folder .
13 info prepublish gee-build@0.0.9
14 silly lockFile 1f1177db-tar tar://.
15 verbose lock tar://. /Users/george/.npm/1f1177db-tar.lock
16 silly lockFile 61ff819e--npm-gee-build-0-0-9-package-tgz tar:///Users/george/.npm/gee-build/0.0.9/package.tgz
17 verbose lock tar:///Users/george/.npm/gee-build/0.0.9/package.tgz /Users/george/.npm/61ff819e--npm-gee-build-0-0-9-package-tgz.lock
18 silly lockFile 1f1177db-tar tar://.
19 silly lockFile 1f1177db-tar tar://.
20 silly lockFile 61ff819e--npm-gee-build-0-0-9-package-tgz tar:///Users/george/.npm/gee-build/0.0.9/package.tgz
21 silly lockFile 61ff819e--npm-gee-build-0-0-9-package-tgz tar:///Users/george/.npm/gee-build/0.0.9/package.tgz
22 silly lockFile 4c71aa9d-orge-npm-gee-build-0-0-9-package /Users/george/.npm/gee-build/0.0.9/package
23 verbose lock /Users/george/.npm/gee-build/0.0.9/package /Users/george/.npm/4c71aa9d-orge-npm-gee-build-0-0-9-package.lock
24 silly lockFile 4c71aa9d-orge-npm-gee-build-0-0-9-package /Users/george/.npm/gee-build/0.0.9/package
25 silly lockFile 4c71aa9d-orge-npm-gee-build-0-0-9-package /Users/george/.npm/gee-build/0.0.9/package
26 silly lockFile 3a52ce78- .
27 silly lockFile 3a52ce78- .
28 silly publish { name: 'gee-build',
28 silly publish   version: '0.0.9',
28 silly publish   description: 'Opininated [And poorly written] gulp setup for jade/angular/browserify/coffee-script',
28 silly publish   main: 'index.js',
28 silly publish   scripts: { pretest: 'coffeelint -c src test', test: 'mocha' },
28 silly publish   keywords: [ 'jade' ],
28 silly publish   author: { name: 'George Erickson' },
28 silly publish   license: 'ISC',
28 silly publish   dependencies:
28 silly publish    { 'coffee-script': '^1.8.0',
28 silly publish      jade: '^1.7.0',
28 silly publish      'js-string-escape': '^1.0.0',
28 silly publish      through: '^2.3.6',
28 silly publish      lodash: '^2.4.1',
28 silly publish      joi: '^4.6.2',
28 silly publish      'vinyl-source-stream': '^1.0.0',
28 silly publish      'gulp-util': '^3.0.1',
28 silly publish      watchify: '^1.0.2',
28 silly publish      browserify: '^5.11.2',
28 silly publish      gulp: '^3.8.8',
28 silly publish      'gulp-load-plugins': '^0.6.0',
28 silly publish      coffeeify: '^0.7.0',
28 silly publish      'browserify-ngannotate': '^0.2.0',
28 silly publish      'browserify-through': '^1.0.1',
28 silly publish      'gulp-embedlr': '^0.5.2',
28 silly publish      'gulp-watch': '^1.1.0',
28 silly publish      'gulp-livereload': '^2.1.1',
28 silly publish      'gulp-if': '^1.2.4',
28 silly publish      'gulp-plumber': '^0.6.5',
28 silly publish      'gulp-jade': '^0.8.0',
28 silly publish      minifyify: '^4.2.0',
28 silly publish      'gulp-minify-css': '^0.3.10',
28 silly publish      'gulp-sass': '^0.7.3',
28 silly publish      lazypipe: '^0.2.2',
28 silly publish      'gulp-filter': '^1.0.2',
28 silly publish      'main-bower-files': '^2.0.0',
28 silly publish      'gulp-concat': '^2.4.1',
28 silly publish      'gulp-nodemon': '^1.0.4',
28 silly publish      rimraf: '^2.2.8',
28 silly publish      'gulp-help': '^1.1.0',
28 silly publish      'gulp-size': '^1.1.0',
28 silly publish      bulkify: '^1.0.2',
28 silly publish      'bulk-require': '^0.2.1',
28 silly publish      'gulp-rev-replace': '^0.3.1',
28 silly publish      'gulp-rev': '^2.0.1',
28 silly publish      esprima: '^1.2.2',
28 silly publish      through2: '^0.6.3',
28 silly publish      touch: '0.0.3',
28 silly publish      less: '',
28 silly publish      'gulp-less': '^1.3.6' },
28 silly publish   devDependencies: { chai: '^1.9.1', mocha: '^1.21.4' },
28 silly publish   readme: 'Super badly written gulp scripts, only useful if you are me.\n',
28 silly publish   readmeFilename: 'README.md',
28 silly publish   gitHead: '87de9f6d9dd7418450facc543eb32e778e9eb72e',
28 silly publish   _id: 'gee-build@0.0.9',
28 silly publish   _shasum: 'af8ea22e3a6729ac16daa1e0c13e1941e68f8cbe',
28 silly publish   _from: '.' }
29 verbose request where is /gee-build
30 verbose request registry https://registry.npmjs.org/
31 verbose request id 84b090db00298ae3
32 verbose url raw /gee-build
33 verbose url resolving [ 'https://registry.npmjs.org/', './gee-build' ]
34 verbose url resolved https://registry.npmjs.org/gee-build
35 verbose request where is https://registry.npmjs.org/gee-build
36 info trying registry request attempt 1 at 21:08:39
37 http PUT https://registry.npmjs.org/gee-build
38 http 403 https://registry.npmjs.org/gee-build
39 verbose headers { date: 'Wed, 19 Nov 2014 02:08:40 GMT',
39 verbose headers   server: 'CouchDB/1.5.0 (Erlang OTP/R16B03)',
39 verbose headers   'content-type': 'application/json',
39 verbose headers   'cache-control': 'max-age=60',
39 verbose headers   'content-length': '4040',
39 verbose headers   'accept-ranges': 'bytes',
39 verbose headers   via: '1.1 varnish',
39 verbose headers   'x-served-by': 'cache-atl6223-ATL',
39 verbose headers   'x-cache': 'MISS',
39 verbose headers   'x-cache-hits': '0',
39 verbose headers   'x-timer': 'S1416362920.152349,VS0,VE282',
39 verbose headers   'keep-alive': 'timeout=10, max=50',
39 verbose headers   connection: 'Keep-Alive' }
40 error publish Failed PUT 403
41 error Error: forbidden cannot modify pre-existing version: 0.0.9
41 error old={"name":"gee-build","version":"0.0.9","description":"Opininated [And poorly written] gulp setup for jade/angular/browserify/coffee-script","main":"index.js","scripts":{"pretest":"coffeelint -c src test","test":"mocha"},"keywords":["jade"],"author":{"name":"George Erickson"},"license":"ISC","dependencies":{"coffee-script":"^1.8.0","jade":"^1.7.0","js-string-escape":"^1.0.0","through":"^2.3.6","lodash":"^2.4.1","joi":"^4.6.2","vinyl-source-stream":"^1.0.0","gulp-util":"^3.0.1","watchify":"^1.0.2","browserify":"^5.11.2","gulp":"^3.8.8","gulp-load-plugins":"^0.6.0","coffeeify":"^0.7.0","browserify-ngannotate":"^0.2.0","browserify-through":"^1.0.1","gulp-embedlr":"^0.5.2","gulp-watch":"^1.1.0","gulp-livereload":"^2.1.1","gulp-if":"^1.2.4","gulp-plumber":"^0.6.5","gulp-jade":"^0.8.0","minifyify":"^4.2.0","gulp-minify-css":"^0.3.10","gulp-sass":"^0.7.3","lazypipe":"^0.2.2","gulp-filter":"^1.0.2","main-bower-files":"^2.0.0","gulp-concat":"^2.4.1","gulp-nodemon":"^1.0.4","rimraf":"^2.2.8","gulp-help":"^1.1.0","gulp-size":"^1.1.0","bulkify":"^1.0.2","bulk-require":"^0.2.1","gulp-rev-replace":"^0.3.1","gulp-rev":"^2.0.1","esprima":"^1.2.2","through2":"^0.6.3","touch":"0.0.3","less":"","gulp-less":"^1.3.6"},"devDependencies":{"chai":"^1.9.1","mocha":"^1.21.4"},"_id":"gee-build@0.0.9","dist":{"shasum":"ef2492230e4eab8c163648c69f04287dc0e3c384","tarball":"http://registry.npmjs.org/gee-build/-/gee-build-0.0.9.tgz"},"_from":".","_npmVersion":"1.4.3","_npmUser":{"name":"george55","email":"george.erickson.jr@gmail.com"},"maintainers":[{"name":"george55","email":"george.erickson.jr@gmail.com"}]}
41 error new={"name":"gee-build","version":"0.0.9","description":"Opininated [And poorly written] gulp setup for jade/angular/browserify/coffee-script","main":"index.js","scripts":{"pretest":"coffeelint -c src test","test":"mocha"},"keywords":["jade"],"author":{"name":"George Erickson"},"license":"ISC","dependencies":{"coffee-script":"^1.8.0","jade":"^1.7.0","js-string-escape":"^1.0.0","through":"^2.3.6","lodash":"^2.4.1","joi":"^4.6.2","vinyl-source-stream":"^1.0.0","gulp-util":"^3.0.1","watchify":"^1.0.2","browserify":"^5.11.2","gulp":"^3.8.8","gulp-load-plugins":"^0.6.0","coffeeify":"^0.7.0","browserify-ngannotate":"^0.2.0","browserify-through":"^1.0.1","gulp-embedlr":"^0.5.2","gulp-watch":"^1.1.0","gulp-livereload":"^2.1.1","gulp-if":"^1.2.4","gulp-plumber":"^0.6.5","gulp-jade":"^0.8.0","minifyify":"^4.2.0","gulp-minify-css":"^0.3.10","gulp-sass":"^0.7.3","lazypipe":"^0.2.2","gulp-filter":"^1.0.2","main-bower-files":"^2.0.0","gulp-concat":"^2.4.1","gulp-nodemon":"^1.0.4","rimraf":"^2.2.8","gulp-help":"^1.1.0","gulp-size":"^1.1.0","bulkify":"^1.0.2","bulk-require":"^0.2.1","gulp-rev-replace":"^0.3.1","gulp-rev":"^2.0.1","esprima":"^1.2.2","through2":"^0.6.3","touch":"0.0.3","less":"","gulp-less":"^1.3.6"},"devDependencies":{"chai":"^1.9.1","mocha":"^1.21.4"},"readme":"Super badly written gulp scripts, only useful if you are me.\u000a","readmeFilename":"README.md","gitHead":"87de9f6d9dd7418450facc543eb32e778e9eb72e","_id":"gee-build@0.0.9","_shasum":"af8ea22e3a6729ac16daa1e0c13e1941e68f8cbe","_from":".","_npmVersion":"1.4.28","_npmUser":{"name":"george55","email":"george.erickson.jr@gmail.com"},"maintainers":[{"name":"george55","email":"george.erickson.jr@gmail.com"}],"dist":{"shasum":"af8ea22e3a6729ac16daa1e0c13e1941e68f8cbe","tarball":"http://registry.npmjs.org/gee-build/-/gee-build-0.0.9.tgz"}}: gee-build
41 error     at RegClient.<anonymous> (/usr/local/lib/node_modules/npm/node_modules/npm-registry-client/lib/request.js:308:14)
41 error     at Request._callback (/usr/local/lib/node_modules/npm/node_modules/npm-registry-client/lib/request.js:246:65)
41 error     at Request.self.callback (/usr/local/lib/node_modules/npm/node_modules/request/request.js:236:22)
41 error     at Request.emit (events.js:98:17)
41 error     at Request.<anonymous> (/usr/local/lib/node_modules/npm/node_modules/request/request.js:1142:14)
41 error     at Request.emit (events.js:117:20)
41 error     at IncomingMessage.<anonymous> (/usr/local/lib/node_modules/npm/node_modules/request/request.js:1096:12)
41 error     at IncomingMessage.emit (events.js:117:20)
41 error     at _stream_readable.js:943:16
41 error     at process._tickCallback (node.js:419:13)
42 error If you need help, you may report this *entire* log,
42 error including the npm and node versions, at:
42 error     <http://github.com/npm/npm/issues>
43 error System Darwin 14.0.0
44 error command "node" "/usr/local/bin/npm" "publish"
45 error cwd /src/geeio/gee-build
46 error node -v v0.10.32
47 error npm -v 1.4.28
48 verbose exit [ 1, true ]
